0 info it worked if it ends with ok
1 verbose cli [ 'c:\\Program Files (x86)\\nodejs\\node.exe',
1 verbose cli   'c:\\Program Files (x86)\\nodejs\\node_modules\\npm\\bin\\npm-cli.js',
1 verbose cli   'publish' ]
2 info using npm@2.7.4
3 info using node@v0.12.2
4 verbose publish [ '.' ]
5 silly cache add args [ '.', null ]
6 verbose cache add spec .
7 silly cache add parsed spec { raw: '.',
7 silly cache add   scope: null,
7 silly cache add   name: null,
7 silly cache add   rawSpec: '.',
7 silly cache add   spec: 'd:\\Nodes\\scripts',
7 silly cache add   type: 'directory' }
8 verbose addLocalDirectory C:\Users\con235\AppData\Roaming\npm-cache\scripts\1.0.0\package.tgz not in flight; packing
9 verbose tar pack [ 'C:\\Users\\con235\\AppData\\Roaming\\npm-cache\\scripts\\1.0.0\\package.tgz',
9 verbose tar pack   'd:\\Nodes\\scripts' ]
10 verbose tarball C:\Users\con235\AppData\Roaming\npm-cache\scripts\1.0.0\package.tgz
11 verbose folder d:\Nodes\scripts
12 info prepublish scripts@1.0.0
13 verbose addLocalTarball adding from inside cache C:\Users\con235\AppData\Roaming\npm-cache\scripts\1.0.0\package.tgz
14 silly cache afterAdd scripts@1.0.0
15 verbose afterAdd C:\Users\con235\AppData\Roaming\npm-cache\scripts\1.0.0\package\package.json not in flight; writing
16 verbose afterAdd C:\Users\con235\AppData\Roaming\npm-cache\scripts\1.0.0\package\package.json written
17 silly publish { name: 'scripts',
17 silly publish   version: '1.0.0',
17 silly publish   description: 'A test package',
17 silly publish   main: 'app.js',
17 silly publish   scripts: { test: 'echo "test"' },
17 silly publish   author: { name: 'me' },
17 silly publish   license: 'ISC',
17 silly publish   readme: 'ERROR: No README data found!',
17 silly publish   _id: 'scripts@1.0.0',
17 silly publish   _shasum: 'f92f5e2eaf43e4705d0d68add29bcf4b5d0b302e',
17 silly publish   _from: '.' }
18 silly mapToRegistry name scripts
19 silly mapToRegistry using default registry
20 silly mapToRegistry registry http://registry.npmjs.org/
21 silly mapToRegistry uri http://registry.npmjs.org/scripts
22 verbose publish registryBase http://registry.npmjs.org/
23 silly publish uploading C:\Users\con235\AppData\Roaming\npm-cache\scripts\1.0.0\package.tgz
24 verbose stack Error: auth required for publishing
24 verbose stack     at CachingRegistryClient.publish (c:\Program Files (x86)\nodejs\node_modules\npm\node_modules\npm-registry-client\lib\publish.js:30:14)
24 verbose stack     at c:\Program Files (x86)\nodejs\node_modules\npm\lib\publish.js:144:14
24 verbose stack     at mapToRegistry (c:\Program Files (x86)\nodejs\node_modules\npm\lib\utils\map-to-registry.js:55:3)
24 verbose stack     at publish_ (c:\Program Files (x86)\nodejs\node_modules\npm\lib\publish.js:114:3)
24 verbose stack     at Array.<anonymous> (c:\Program Files (x86)\nodejs\node_modules\npm\node_modules\slide\lib\bind-actor.js:15:8)
24 verbose stack     at LOOP (c:\Program Files (x86)\nodejs\node_modules\npm\node_modules\slide\lib\chain.js:15:14)
24 verbose stack     at LOOP (c:\Program Files (x86)\nodejs\node_modules\npm\node_modules\slide\lib\chain.js:14:28)
24 verbose stack     at chain (c:\Program Files (x86)\nodejs\node_modules\npm\node_modules\slide\lib\chain.js:20:5)
24 verbose stack     at c:\Program Files (x86)\nodejs\node_modules\npm\lib\publish.js:74:5
24 verbose stack     at RES (c:\Program Files (x86)\nodejs\node_modules\npm\node_modules\inflight\inflight.js:23:14)
25 verbose cwd d:\Nodes\scripts
26 error Windows_NT 6.3.9600
27 error argv "c:\\Program Files (x86)\\nodejs\\node.exe" "c:\\Program Files (x86)\\nodejs\\node_modules\\npm\\bin\\npm-cli.js" "publish"
28 error node v0.12.2
29 error npm  v2.7.4
30 error code ENEEDAUTH
31 error need auth auth required for publishing
31 error need auth You need to authorize this machine using `npm adduser`
32 verbose exit [ 1, true ]
